0 info it worked if it ends with ok
1 verbose cli [ 'C:\\Program Files\\nodejs\\node.exe',
1 verbose cli   'C:\\Program Files\\nodejs\\node_modules\\npm\\bin\\npm-cli.js',
1 verbose cli   'run',
1 verbose cli   'build' ]
2 info using npm@4.0.5
3 info using node@v7.4.0
4 verbose run-script [ 'prebuild', 'build', 'postbuild' ]
5 info lifecycle express-example@0.0.0~prebuild: express-example@0.0.0
6 silly lifecycle express-example@0.0.0~prebuild: no script for prebuild, continuing
7 info lifecycle express-example@0.0.0~build: express-example@0.0.0
8 verbose lifecycle express-example@0.0.0~build: unsafe-perm in lifecycle true
9 verbose lifecycle express-example@0.0.0~build: PATH: C:\Program Files\nodejs\node_modules\npm\bin\node-gyp-bin;D:\sherlock\node_modules\.bin;C:\cygwin64\opt\mono\bin;C:\cygwin64\usr\local\bin;C:\cygwin64\bin;C:\Program Files\Docker\Docker\Resources\bin;C:\Program Files\Common Files\Microsoft Shared\Windows Live;C:\Program Files (x86)\Common Files\Microsoft Shared\Windows Live;C:\ProgramData\Oracle\Java\javapath;C:\Python25;C:\Perl\site\bin;C:\Perl\bin;C:\windows\system32;C:\windows;C:\windows\System32\Wbem;C:\windows\System32\WindowsPowerShell\v1.0;C:\Program Files\Perforce;C:\Program Files (x86)\Xoreax\IncrediBuild;C:\Program Files (x86)\Code Collaborator Client;C:\Program Files (x86)\Microsoft SQL Server\100\Tools\Binn\VSShell\Common7\IDE;C:\Program Files (x86)\Microsoft SQL Server\100\Tools\Binn;C:\Program Files\Microsoft SQL Server\100\Tools\Binn;C:\Program Files (x86)\Microsoft SQL Server\100\DTS\Binn;C:\Program Files\Microsoft SQL Server\100\DTS\Binn;C:\Program Files (x86)\Microsoft Visual Studio 9.0\Common7\IDE\PrivateAssemblies;C:\Program Files (x86)\Graphviz2.26.3\bin;C:\Program Files\Microsoft\Web Platform Installer;C:\Program Files (x86)\Microsoft ASP.NET\ASP.NET Web Pages\v1.0;C:\Program Files\Microsoft SQL Server\110\Tools\Binn;C:\Program Files (x86)\Windows Kits\8.1\Windows Performance Toolkit;C:\Program Files (x86)\NVIDIA Corporation\PhysX\Common;C:\Program Files\Code Collaborator Client;C:\Program Files (x86)\MySQL\MySQL Utilities;C:\Program Files (x86)\MySQL\MySQL Utilities\Doctrine extensions for PHP;C:\Program Files (x86)\Windows Live\Shared;C:\Program Files\nodejs;C:\WINDOWS\system32;C:\WINDOWS;C:\WINDOWS\System32\Wbem;C:\WINDOWS\System32\WindowsPowerShell\v1.0;C:\Users\ctote\AppData\Local\Continuum\Anaconda2;C:\Users\ctote\AppData\Local\Continuum\Anaconda2\Scripts;C:\Users\ctote\AppData\Local\Continuum\Anaconda2\Library\bin;C:\Program Files (x86)\IDM Computer Solutions\UltraCompare;C:\Users\ctote\AppData\Roaming\npm;C:\Program Files (x86)\Microsoft VS Code\bin;C:\Users\ctote\AppData\Local\Microsoft\WindowsApps
10 verbose lifecycle express-example@0.0.0~build: CWD: D:\sherlock
11 silly lifecycle express-example@0.0.0~build: Args: [ '/d /s /c', 'npm run clean && npm run build-css' ]
12 silly lifecycle express-example@0.0.0~build: Returned: code: 1  signal: null
13 info lifecycle express-example@0.0.0~build: Failed to exec build script
14 verbose stack Error: express-example@0.0.0 build: `npm run clean && npm run build-css`
14 verbose stack Exit status 1
14 verbose stack     at EventEmitter.<anonymous> (C:\Program Files\nodejs\node_modules\npm\lib\utils\lifecycle.js:279:16)
14 verbose stack     at emitTwo (events.js:106:13)
14 verbose stack     at EventEmitter.emit (events.js:191:7)
14 verbose stack     at ChildProcess.<anonymous> (C:\Program Files\nodejs\node_modules\npm\lib\utils\spawn.js:40:14)
14 verbose stack     at emitTwo (events.js:106:13)
14 verbose stack     at ChildProcess.emit (events.js:191:7)
14 verbose stack     at maybeClose (internal/child_process.js:885:16)
14 verbose stack     at Process.ChildProcess._handle.onexit (internal/child_process.js:226:5)
15 verbose pkgid express-example@0.0.0
16 verbose cwd D:\sherlock
17 error Windows_NT 10.0.14393
18 error argv "C:\\Program Files\\nodejs\\node.exe" "C:\\Program Files\\nodejs\\node_modules\\npm\\bin\\npm-cli.js" "run" "build"
19 error node v7.4.0
20 error npm  v4.0.5
21 error code ELIFECYCLE
22 error express-example@0.0.0 build: `npm run clean && npm run build-css`
22 error Exit status 1
23 error Failed at the express-example@0.0.0 build script 'npm run clean && npm run build-css'.
23 error Make sure you have the latest version of node.js and npm installed.
23 error If you do, this is most likely a problem with the express-example package,
23 error not with npm itself.
23 error Tell the author that this fails on your system:
23 error     npm run clean && npm run build-css
23 error You can get information on how to open an issue for this project with:
23 error     npm bugs express-example
23 error Or if that isn't available, you can get their info via:
23 error     npm owner ls express-example
23 error There is likely additional logging output above.
24 verbose exit [ 1, true ]
